<?xml version="1.0" encoding="UTF-8"?>
<testng-results ignored="0" total="1" passed="1" failed="0" skipped="0">
  <reporter-output>
  </reporter-output>
  <suite started-at="2021-04-09T11:56:49Z" name="BDD Test Suite" finished-at="2021-04-09T11:57:29Z" duration-ms="40575">
    <groups>
      <group name="cucumber">
        <method signature="TestNgCucumberScenarioRunner.feature(io.cucumber.testng.PickleEventWrapper, io.cucumber.testng.CucumberFeatureWrapper)[pri:0, instance:Runner.TestNgCucumberScenarioRunner@6236eb5f]" name="feature" class="Runner.TestNgCucumberScenarioRunner"/>
      </group> <!-- cucumber -->
    </groups>
    <test started-at="2021-04-09T11:56:49Z" name="ChromeExecution" finished-at="2021-04-09T11:57:29Z" duration-ms="40575">
      <class name="Runner.TestNgCucumberScenarioRunner">
        <test-method is-config="true" signature="setUpClass()[pri:0, instance:Runner.TestNgCucumberScenarioRunner@6236eb5f]" started-at="2021-04-09T11:56:49Z" name="setUpClass" finished-at="2021-04-09T11:56:50Z" duration-ms="1009" status="PASS">
          <reporter-output>
          </reporter-output>
        </test-method> <!-- setUpClass -->
        <test-method signature="feature(io.cucumber.testng.PickleEventWrapper, io.cucumber.testng.CucumberFeatureWrapper)[pri:0, instance:Runner.TestNgCucumberScenarioRunner@6236eb5f]" started-at="2021-04-09T11:56:50Z" name="feature" description="Runs Cucumber Feature" data-provider="scenarios" finished-at="2021-04-09T11:57:29Z" duration-ms="39359" status="PASS">
          <params>
            <param index="0">
              <value>
                <![CDATA["As a registered user, user should be able to logged in"]]>
              </value>
            </param>
            <param index="1">
              <value>
                <![CDATA["Validate user login functionality"]]>
              </value>
            </param>
          </params>
          <reporter-output>
          </reporter-output>
        </test-method> <!-- feature -->
        <test-method is-config="true" signature="tearDownClass()[pri:0, instance:Runner.TestNgCucumberScenarioRunner@6236eb5f]" started-at="2021-04-09T11:57:29Z" name="tearDownClass" finished-at="2021-04-09T11:57:29Z" duration-ms="119" status="PASS">
          <reporter-output>
          </reporter-output>
        </test-method> <!-- tearDownClass -->
      </class> <!-- Runner.TestNgCucumberScenarioRunner -->
    </test> <!-- ChromeExecution -->
  </suite> <!-- BDD Test Suite -->
</testng-results>
